<?xml version="1.0" encoding="UTF-8"?>
<!-- Generated by org.testng.reporters.JUnitReportReporter -->
<testsuite hostname="LAPTOP-E06RK7S2" failures="0" tests="1" name="loginTestCases.BothIncorrect" time="3.245" errors="0" timestamp="2021-10-04T23:35:05 EDT" skipped="0">
  <testcase classname="loginTestCases.BothIncorrect" name="loginWithInCorrectUnamePwd" time="3.245"/>
  <system-out/>
</testsuite> <!-- loginTestCases.BothIncorrect -->
